This is pdfTeX, Version 3.14159265-2.6-1.40.15 (TeX Live 2014) (preloaded format=pdflatex 2015.2.12)  22 MAY 2015 15:03
entering extended mode
 restricted \write18 enabled.
 %&-line parsing enabled.
**/home/franco/Documentos/Facultad/algo2/tp2/disenando_con_latex.tex
(/home/franco/Documentos/Facultad/algo2/tp2/disenando_con_latex.tex
LaTeX2e <2014/05/01>
Babel <3.9l> and hyphenation patterns for 79 languages loaded.
(/usr/local/texlive/2014/texmf-dist/tex/latex/base/article.cls
Document Class: article 2014/09/29 v1.4h Standard LaTeX document class
(/usr/local/texlive/2014/texmf-dist/tex/latex/base/size10.clo
File: size10.clo 2014/09/29 v1.4h Standard LaTeX file (size option)
)
\c@part=\count79
\c@section=\count80
\c@subsection=\count81
\c@subsubsection=\count82
\c@paragraph=\count83
\c@subparagraph=\count84
\c@figure=\count85
\c@table=\count86
\abovecaptionskip=\skip41
\belowcaptionskip=\skip42
\bibindent=\dimen102
) (/usr/local/texlive/2014/texmf-dist/tex/latex/geometry/geometry.sty
Package: geometry 2010/09/12 v5.6 Page Geometry
(/usr/local/texlive/2014/texmf-dist/tex/latex/graphics/keyval.sty
Package: keyval 2014/10/28 v1.15 key=value parser (DPC)
\KV@toks@=\toks14
) (/usr/local/texlive/2014/texmf-dist/tex/generic/oberdiek/ifpdf.sty
Package: ifpdf 2011/01/30 v2.3 Provides the ifpdf switch (HO)
Package ifpdf Info: pdfTeX in PDF mode is detected.
) (/usr/local/texlive/2014/texmf-dist/tex/generic/oberdiek/ifvtex.sty
Package: ifvtex 2010/03/01 v1.5 Detect VTeX and its facilities (HO)
Package ifvtex Info: VTeX not detected.
) (/usr/local/texlive/2014/texmf-dist/tex/generic/ifxetex/ifxetex.sty
Package: ifxetex 2010/09/12 v0.6 Provides ifxetex conditional
)
\Gm@cnth=\count87
\Gm@cntv=\count88
\c@Gm@tempcnt=\count89
\Gm@bindingoffset=\dimen103
\Gm@wd@mp=\dimen104
\Gm@odd@mp=\dimen105
\Gm@even@mp=\dimen106
\Gm@layoutwidth=\dimen107
\Gm@layoutheight=\dimen108
\Gm@layouthoffset=\dimen109
\Gm@layoutvoffset=\dimen110
\Gm@dimlist=\toks15
) (/usr/local/texlive/2014/texmf-dist/tex/latex/base/inputenc.sty
Package: inputenc 2014/04/30 v1.2b Input encoding file
\inpenc@prehook=\toks16
\inpenc@posthook=\toks17
(/usr/local/texlive/2014/texmf-dist/tex/latex/base/latin1.def
File: latin1.def 2014/04/30 v1.2b Input encoding file
)) (/usr/local/texlive/2014/texmf-dist/tex/latex/base/fontenc.sty
Package: fontenc 2005/09/27 v1.99g Standard LaTeX package
(/usr/local/texlive/2014/texmf-dist/tex/latex/base/t1enc.def
File: t1enc.def 2005/09/27 v1.99g Standard LaTeX file
LaTeX Font Info:    Redeclaring font encoding T1 on input line 43.
)) (/usr/local/texlive/2014/texmf-dist/tex/generic/babel/babel.sty
Package: babel 2014/09/25 3.9l The Babel package
(/usr/local/texlive/2014/texmf-dist/tex/generic/babel-spanish/spanish.ldf
Language: spanish.ldf 2014/04/24 v5.0n Spanish support from the babel system
(/usr/local/texlive/2014/texmf-dist/tex/generic/babel/babel.def
File: babel.def 2014/09/25 3.9l Babel common definitions
\babel@savecnt=\count90
\U@D=\dimen111
)
\es@quottoks=\toks18
\es@quotdepth=\count91
Package babel Info: Making " an active character on input line 516.
Package babel Info: Making . an active character on input line 617.
Package babel Info: Making < an active character on input line 662.
Package babel Info: Making > an active character on input line 662.
)) (/usr/local/texlive/2014/texmf-dist/tex/latex/tools/xspace.sty
Package: xspace 2014/10/28 v1.13 Space after command names (DPC,MH)
) (/usr/local/texlive/2014/texmf-dist/tex/latex/xargs/xargs.sty
Package: xargs 2008/03/22 v1.1  extended macro definitions  (mpg)
(/usr/local/texlive/2014/texmf-dist/tex/latex/xkeyval/xkeyval.sty
Package: xkeyval 2014/12/03 v2.7a package option processing (HA)
(/usr/local/texlive/2014/texmf-dist/tex/generic/xkeyval/xkeyval.tex (/usr/local
/texlive/2014/texmf-dist/tex/generic/xkeyval/xkvutils.tex
\XKV@toks=\toks19
\XKV@tempa@toks=\toks20
)
\XKV@depth=\count92
File: xkeyval.tex 2014/12/03 v2.7a key=value parser (HA)
))
\xargs@max=\count93
\xargs@toksa=\toks21
\xargs@toksb=\toks22
) (/usr/local/texlive/2014/texmf-dist/tex/latex/base/ifthen.sty
Package: ifthen 2014/09/29 v1.1c Standard LaTeX ifthen package (DPC)
) (/home/franco/texmf/tex/latex/aed2-tad/aed2-tad.sty
Package: aed2-tad 2011/04/04 - Para especificar TADs en formato AED2
(/usr/local/texlive/2014/texmf-dist/tex/latex/tools/calc.sty
Package: calc 2014/10/28 v4.3 Infix arithmetic (KKT,FJ)
\calc@Acount=\count94
\calc@Bcount=\count95
\calc@Adimen=\dimen112
\calc@Bdimen=\dimen113
\calc@Askip=\skip43
\calc@Bskip=\skip44
LaTeX Info: Redefining \setlength on input line 75.
LaTeX Info: Redefining \addtolength on input line 76.
\calc@Ccount=\count96
\calc@Cskip=\skip45
) (/home/franco/texmf/tex/latex/aed2-tokenizer/aed2-tokenizer.sty
Package: aed2-tokenizer 2010/03/12
)
Package aed2-tad Info: Cargando package 'tad' (04/04/2011) on input line 26.
\tadMargen=\skip46
\tadSubMargen=\skip47
\tadAnchoEncabezados=\skip48
\tadSeparacionTitulos=\skip49
\tadSeparacionFunciones=\skip50
\tadAnchoNombreFunciones=\skip51
\tadAnchoTipoFunciones=\skip52
\tadSeparacionAxiomas=\skip53
\tadAnchoIzquierdaAxioma=\skip54
\tad@oldparindent=\skip55
\pbox@len=\skip56
\tad@ifFitsElse@largo=\skip57
\igualobs@pre=\skip58
\igualobs@max=\skip59
\igualobssimple@max=\skip60
\@Signatura=\box26
\tadOperacion@textwidth=\skip61
\tadAxioma@lenEquiv=\skip62
\tadAxioma@lenDerecha=\skip63
) (/home/franco/texmf/tex/latex/aed2-symb/aed2-symb.sty
Package: aed2-symb 2004/04/17 - Para componer simbolitos frecuentemente usados 
en AED2
Cargando package 'aed2-symb'
(/usr/local/texlive/2014/texmf-dist/tex/latex/amsmath/amsmath.sty
Package: amsmath 2013/01/14 v2.14 AMS math features
\@mathmargin=\skip64
For additional information on amsmath, use the `?' option.
(/usr/local/texlive/2014/texmf-dist/tex/latex/amsmath/amstext.sty
Package: amstext 2000/06/29 v2.01
(/usr/local/texlive/2014/texmf-dist/tex/latex/amsmath/amsgen.sty
File: amsgen.sty 1999/11/30 v2.0
\@emptytoks=\toks23
\ex@=\dimen114
)) (/usr/local/texlive/2014/texmf-dist/tex/latex/amsmath/amsbsy.sty
Package: amsbsy 1999/11/29 v1.2d
\pmbraise@=\dimen115
) (/usr/local/texlive/2014/texmf-dist/tex/latex/amsmath/amsopn.sty
Package: amsopn 1999/12/14 v2.01 operator names
)
\inf@bad=\count97
LaTeX Info: Redefining \frac on input line 210.
\uproot@=\count98
\leftroot@=\count99
LaTeX Info: Redefining \overline on input line 306.
\classnum@=\count100
\DOTSCASE@=\count101
LaTeX Info: Redefining \ldots on input line 378.
LaTeX Info: Redefining \dots on input line 381.
LaTeX Info: Redefining \cdots on input line 466.
\Mathstrutbox@=\box27
\strutbox@=\box28
\big@size=\dimen116
LaTeX Font Info:    Redeclaring font encoding OML on input line 566.
LaTeX Font Info:    Redeclaring font encoding OMS on input line 567.
\macc@depth=\count102
\c@MaxMatrixCols=\count103
\dotsspace@=\muskip10
\c@parentequation=\count104
\dspbrk@lvl=\count105
\tag@help=\toks24
\row@=\count106
\column@=\count107
\maxfields@=\count108
\andhelp@=\toks25
\eqnshift@=\dimen117
\alignsep@=\dimen118
\tagshift@=\dimen119
\tagwidth@=\dimen120
\totwidth@=\dimen121
\lineht@=\dimen122
\@envbody=\toks26
\multlinegap=\skip65
\multlinetaggap=\skip66
\mathdisplay@stack=\toks27
LaTeX Info: Redefining \[ on input line 2665.
LaTeX Info: Redefining \] on input line 2666.
) (/usr/local/texlive/2014/texmf-dist/tex/latex/amsfonts/amssymb.sty
Package: amssymb 2013/01/14 v3.01 AMS font symbols
(/usr/local/texlive/2014/texmf-dist/tex/latex/amsfonts/amsfonts.sty
Package: amsfonts 2013/01/14 v3.01 Basic AMSFonts support
\symAMSa=\mathgroup4
\symAMSb=\mathgroup5
LaTeX Font Info:    Overwriting math alphabet `\mathfrak' in version `bold'
(Font)                  U/euf/m/n --> U/euf/b/n on input line 106.
))) (/home/franco/texmf/tex/latex/aed2-itef/aed2-itef.sty
Package: aed2-itef 2010/03/16 - if-then-else-fi en lenguaje de TADs.
Cargando package 'itef' (2010/03/16)
\itefIndentacion=\skip67
\itef@widthUnaLinea=\skip68
\itef@linewidth=\skip69
)
\IntFuncionLengthA=\skip70
\IntFuncionLengthB=\skip71
\IntFuncionLengthC=\skip72
\lenTupla=\skip73
(/home/franco/Documentos/Facultad/algo2/tp2/disenando_con_latex.aux
LaTeX Info: Redefining \. on input line 6.
LaTeX Info: Redefining \% on input line 6.
)
\openout1 = `disenando_con_latex.aux'.

LaTeX Font Info:    Checking defaults for OML/cmm/m/it on input line 121.
LaTeX Font Info:    ... okay on input line 121.
LaTeX Font Info:    Checking defaults for T1/cmr/m/n on input line 121.
LaTeX Font Info:    ... okay on input line 121.
LaTeX Font Info:    Checking defaults for OT1/cmr/m/n on input line 121.
LaTeX Font Info:    ... okay on input line 121.
LaTeX Font Info:    Checking defaults for OMS/cmsy/m/n on input line 121.
LaTeX Font Info:    ... okay on input line 121.
LaTeX Font Info:    Checking defaults for OMX/cmex/m/n on input line 121.
LaTeX Font Info:    ... okay on input line 121.
LaTeX Font Info:    Checking defaults for U/cmr/m/n on input line 121.
LaTeX Font Info:    ... okay on input line 121.
*geometry* driver: auto-detecting
*geometry* detected driver: pdftex
*geometry* verbose mode - [ preamble ] result:
* driver: pdftex
* paper: a4paper
* layout: <same size as paper>
* layoutoffset:(h,v)=(0.0pt,0.0pt)
* modes: 
* h-part:(L,W,R)=(42.67912pt, 512.14963pt, 42.67912pt)
* v-part:(T,H,B)=(99.58464pt, 702.78308pt, 42.67912pt)
* \paperwidth=597.50787pt
* \paperheight=845.04684pt
* \textwidth=512.14963pt
* \textheight=702.78308pt
* \oddsidemargin=-29.59087pt
* \evensidemargin=-29.59087pt
* \topmargin=-9.68535pt
* \headheight=12.0pt
* \headsep=25.0pt
* \topskip=10.0pt
* \footskip=30.0pt
* \marginparwidth=57.0pt
* \marginparsep=11.0pt
* \columnsep=10.0pt
* \skip\footins=9.0pt plus 4.0pt minus 2.0pt
* \hoffset=0.0pt
* \voffset=0.0pt
* \mag=1000
* \@twocolumnfalse
* \@twosidefalse
* \@mparswitchfalse
* \@reversemarginfalse
* (1in=72.27pt=25.4mm, 1cm=28.453pt)

LaTeX Info: Redefining \. on input line 121.
LaTeX Info: Redefining \% on input line 121.
LaTeX Font Info:    Try loading font information for U+msa on input line 123.
(/usr/local/texlive/2014/texmf-dist/tex/latex/amsfonts/umsa.fd
File: umsa.fd 2013/01/14 v3.01 AMS symbols A
)
LaTeX Font Info:    Try loading font information for U+msb on input line 123.
(/usr/local/texlive/2014/texmf-dist/tex/latex/amsfonts/umsb.fd
File: umsb.fd 2013/01/14 v3.01 AMS symbols B
)
LaTeX Font Info:    Try loading font information for T1+cmtt on input line 135.

(/usr/local/texlive/2014/texmf-dist/tex/latex/base/t1cmtt.fd
File: t1cmtt.fd 2014/09/29 v2.5h Standard LaTeX font definitions
) [1

{/usr/local/texlive/2014/texmf-var/fonts/map/pdftex/updmap/pdftex.map}]
Overfull \hbox (14.99998pt too wide) in paragraph at lines 192--192
[]\T1/cmr/m/n/10 Rep($\OML/cmm/m/it/10 l$\T1/cmr/m/n/10 )| $\OMS/cmsy/m/n/10 ^^
Q$| [] 
 []


Overfull \hbox (14.99998pt too wide) in paragraph at lines 197--197
[]\T1/cmr/m/n/10 Nodo($\OML/cmm/m/it/10 l$\T1/cmr/m/n/10 ,$\OML/cmm/m/it/10 i$\
T1/cmr/m/n/10 )| $\OMS/cmsy/m/n/10 ^^Q$| [] 
 []


Overfull \hbox (14.99998pt too wide) in paragraph at lines 202--202
[]\T1/cmr/m/n/10 FinLst($\OML/cmm/m/it/10 l$\T1/cmr/m/n/10 )| $\OMS/cmsy/m/n/10
 ^^Q$| [] 
 []


Overfull \hbox (14.99998pt too wide) in paragraph at lines 207--207
[]\T1/cmr/m/n/10 Lst($\OML/cmm/m/it/10 p; n$\T1/cmr/m/n/10 )| $\OMS/cmsy/m/n/10
 ^^Q$| [] 
 []


Overfull \hbox (14.99998pt too wide) in paragraph at lines 211--211
[]\T1/cmr/m/n/10 Abs($\OML/cmm/m/it/10 l$\T1/cmr/m/n/10 )| $\OMS/cmsy/m/n/10 ^^
Q$| [] 
 []


Overfull \hbox (14.99998pt too wide) in paragraph at lines 222--222
[]\T1/cmr/m/n/10 Rep($\OML/cmm/m/it/10 it$\T1/cmr/m/n/10 )| $\OMS/cmsy/m/n/10 ^
^Q$| [] 
 []


Overfull \hbox (14.99998pt too wide) in paragraph at lines 232--232
[]\T1/cmr/m/n/10 Sig($\OML/cmm/m/it/10 i; p$\T1/cmr/m/n/10 )| $\OMS/cmsy/m/n/10
 ^^Q$| [] 
 []


Overfull \hbox (14.99998pt too wide) in paragraph at lines 237--237
[]\T1/cmr/m/n/10 Ant($\OML/cmm/m/it/10 i; p$\T1/cmr/m/n/10 )| $\OMS/cmsy/m/n/10
 ^^Q$| [] 
 []


Overfull \hbox (14.99998pt too wide) in paragraph at lines 243--243
[]\T1/cmr/m/n/10 Pos($\OML/cmm/m/it/10 l$\T1/cmr/m/n/10 ,$\OML/cmm/m/it/10 p$\T
1/cmr/m/n/10 )| $\OMS/cmsy/m/n/10 ^^Q$| [] 
 []

[2] (/home/franco/Documentos/Facultad/algo2/tp2/disenando_con_latex.aux
LaTeX Info: Redefining \. on input line 6.
LaTeX Info: Redefining \% on input line 6.
) ) 
Here is how much of TeX's memory you used:
 3367 strings out of 493109
 43485 string characters out of 6135010
 121160 words of memory out of 5000000
 6775 multiletter control sequences out of 15000+600000
 16281 words of font info for 49 fonts, out of 8000000 for 9000
 1141 hyphenation exceptions out of 8191
 34i,9n,37p,339b,384s stack positions out of 5000i,500n,10000p,200000b,80000s
{/usr/local/texlive/2014/texmf-dist/fonts/enc/dvips/cm-super/cm-super-t1.enc
}</usr/local/texlive/2014/texmf-dist/fonts/type1/public/amsfonts/cm/cmmi10.pfb>
</usr/local/texlive/2014/texmf-dist/fonts/type1/public/amsfonts/cm/cmmi12.pfb><
/usr/local/texlive/2014/texmf-dist/fonts/type1/public/amsfonts/cm/cmmi9.pfb></u
sr/local/texlive/2014/texmf-dist/fonts/type1/public/amsfonts/cm/cmr10.pfb></usr
/local/texlive/2014/texmf-dist/fonts/type1/public/amsfonts/cm/cmr5.pfb></usr/lo
cal/texlive/2014/texmf-dist/fonts/type1/public/amsfonts/cm/cmr7.pfb></usr/local
/texlive/2014/texmf-dist/fonts/type1/public/amsfonts/cm/cmr9.pfb></usr/local/te
xlive/2014/texmf-dist/fonts/type1/public/amsfonts/cm/cmsy10.pfb></usr/local/tex
live/2014/texmf-dist/fonts/type1/public/cm-super/sfbx1000.pfb></usr/local/texli
ve/2014/texmf-dist/fonts/type1/public/cm-super/sfbx1200.pfb></usr/local/texlive
/2014/texmf-dist/fonts/type1/public/cm-super/sfbx1440.pfb></usr/local/texlive/2
014/texmf-dist/fonts/type1/public/cm-super/sfcc1000.pfb></usr/local/texlive/201
4/texmf-dist/fonts/type1/public/cm-super/sfrm0900.pfb></usr/local/texlive/2014/
texmf-dist/fonts/type1/public/cm-super/sfrm1000.pfb></usr/local/texlive/2014/te
xmf-dist/fonts/type1/public/cm-super/sfti1000.pfb></usr/local/texlive/2014/texm
f-dist/fonts/type1/public/cm-super/sftt1000.pfb>
Output written on /home/franco/Documentos/Facultad/algo2/tp2/disenando_con_late
x.pdf (2 pages, 201051 bytes).
PDF statistics:
 76 PDF objects out of 1000 (max. 8388607)
 55 compressed objects within 1 object stream
 0 named destinations out of 1000 (max. 500000)
 1 words of extra memory for PDF output out of 10000 (max. 10000000)

